<?xml version="1.0" encoding="UTF-8"?>
<testsuite xmlns:xsi="http://www.w3.org/2001/XMLSchema-instance" xsi:noNamespaceSchemaLocation="https://maven.apache.org/surefire/maven-surefire-plugin/xsd/surefire-test-report-3.0.xsd" version="3.0" name="com.example.demo.GestionCrudApplicationTests" time="5.915" tests="1" errors="0" skipped="0" failures="0">
  <properties>
    <property name="java.specification.version" value="17"/>
    <property name="sun.cpu.isalist" value="amd64"/>
    <property name="sun.jnu.encoding" value="Cp1252"/>
    <property name="java.class.path" value="C:\Users\JAVA\git\inmobiliaria\target\test-classes;C:\Users\JAVA\git\inmobiliaria\target\classes;C:\Users\JAVA\.m2\repository\org\springframework\boot\spring-boot-starter-data-jpa\3.2.5\spring-boot-starter-data-jpa-3.2.5.jar;C:\Users\JAVA\.m2\repository\org\springframework\boot\spring-boot-starter-aop\3.2.5\spring-boot-starter-aop-3.2.5.jar;C:\Users\JAVA\.m2\repository\org\aspectj\aspectjweaver\1.9.22\aspectjweaver-1.9.22.jar;C:\Users\JAVA\.m2\repository\org\springframework\boot\spring-boot-starter-jdbc\3.2.5\spring-boot-starter-jdbc-3.2.5.jar;C:\Users\JAVA\.m2\repository\com\zaxxer\HikariCP\5.0.1\HikariCP-5.0.1.jar;C:\Users\JAVA\.m2\repository\org\springframework\spring-jdbc\6.1.6\spring-jdbc-6.1.6.jar;C:\Users\JAVA\.m2\repository\org\hibernate\orm\hibernate-core\6.4.4.Final\hibernate-core-6.4.4.Final.jar;C:\Users\JAVA\.m2\repository\jakarta\persistence\jakarta.persistence-api\3.1.0\jakarta.persistence-api-3.1.0.jar;C:\Users\JAVA\.m2\repository\jakarta\transaction\jakarta.transaction-api\2.0.1\jakarta.transaction-api-2.0.1.jar;C:\Users\JAVA\.m2\repository\org\jboss\logging\jboss-logging\3.5.3.Final\jboss-logging-3.5.3.Final.jar;C:\Users\JAVA\.m2\repository\org\hibernate\common\hibernate-commons-annotations\6.0.6.Final\hibernate-commons-annotations-6.0.6.Final.jar;C:\Users\JAVA\.m2\repository\io\smallrye\jandex\3.1.2\jandex-3.1.2.jar;C:\Users\JAVA\.m2\repository\com\fasterxml\classmate\1.6.0\classmate-1.6.0.jar;C:\Users\JAVA\.m2\repository\net\bytebuddy\byte-buddy\1.14.13\byte-buddy-1.14.13.jar;C:\Users\JAVA\.m2\repository\org\glassfish\jaxb\jaxb-runtime\4.0.5\jaxb-runtime-4.0.5.jar;C:\Users\JAVA\.m2\repository\org\glassfish\jaxb\jaxb-core\4.0.5\jaxb-core-4.0.5.jar;C:\Users\JAVA\.m2\repository\org\eclipse\angus\angus-activation\2.0.2\angus-activation-2.0.2.jar;C:\Users\JAVA\.m2\repository\org\glassfish\jaxb\txw2\4.0.5\txw2-4.0.5.jar;C:\Users\JAVA\.m2\repository\com\sun\istack\istack-commons-runtime\4.1.2\istack-commons-runtime-4.1.2.jar;C:\Users\JAVA\.m2\repository\jakarta\inject\jakarta.inject-api\2.0.1\jakarta.inject-api-2.0.1.jar;C:\Users\JAVA\.m2\repository\org\antlr\antlr4-runtime\4.13.0\antlr4-runtime-4.13.0.jar;C:\Users\JAVA\.m2\repository\org\springframework\data\spring-data-jpa\3.2.5\spring-data-jpa-3.2.5.jar;C:\Users\JAVA\.m2\repository\org\springframework\data\spring-data-commons\3.2.5\spring-data-commons-3.2.5.jar;C:\Users\JAVA\.m2\repository\org\springframework\spring-orm\6.1.6\spring-orm-6.1.6.jar;C:\Users\JAVA\.m2\repository\org\springframework\spring-context\6.1.6\spring-context-6.1.6.jar;C:\Users\JAVA\.m2\repository\org\springframework\spring-tx\6.1.6\spring-tx-6.1.6.jar;C:\Users\JAVA\.m2\repository\org\springframework\spring-beans\6.1.6\spring-beans-6.1.6.jar;C:\Users\JAVA\.m2\repository\org\springframework\spring-aspects\6.1.6\spring-aspects-6.1.6.jar;C:\Users\JAVA\.m2\repository\org\springframework\boot\spring-boot-starter-validation\3.2.5\spring-boot-starter-validation-3.2.5.jar;C:\Users\JAVA\.m2\repository\org\springframework\boot\spring-boot-starter\3.2.5\spring-boot-starter-3.2.5.jar;C:\Users\JAVA\.m2\repository\org\springframework\boot\spring-boot-starter-logging\3.2.5\spring-boot-starter-logging-3.2.5.jar;C:\Users\JAVA\.m2\repository\ch\qos\logback\logback-classic\1.4.14\logback-classic-1.4.14.jar;C:\Users\JAVA\.m2\repository\ch\qos\logback\logback-core\1.4.14\logback-core-1.4.14.jar;C:\Users\JAVA\.m2\repository\org\apache\logging\log4j\log4j-to-slf4j\2.21.1\log4j-to-slf4j-2.21.1.jar;C:\Users\JAVA\.m2\repository\org\apache\logging\log4j\log4j-api\2.21.1\log4j-api-2.21.1.jar;C:\Users\JAVA\.m2\repository\org\slf4j\jul-to-slf4j\2.0.13\jul-to-slf4j-2.0.13.jar;C:\Users\JAVA\.m2\repository\org\yaml\snakeyaml\2.2\snakeyaml-2.2.jar;C:\Users\JAVA\.m2\repository\org\apache\tomcat\embed\tomcat-embed-el\10.1.20\tomcat-embed-el-10.1.20.jar;C:\Users\JAVA\.m2\repository\org\hibernate\validator\hibernate-validator\8.0.1.Final\hibernate-validator-8.0.1.Final.jar;C:\Users\JAVA\.m2\repository\jakarta\validation\jakarta.validation-api\3.0.2\jakarta.validation-api-3.0.2.jar;C:\Users\JAVA\.m2\repository\org\springframework\boot\spring-boot-starter-web\3.2.5\spring-boot-starter-web-3.2.5.jar;C:\Users\JAVA\.m2\repository\org\springframework\boot\spring-boot-starter-json\3.2.5\spring-boot-starter-json-3.2.5.jar;C:\Users\JAVA\.m2\repository\com\fasterxml\jackson\core\jackson-databind\2.15.4\jackson-databind-2.15.4.jar;C:\Users\JAVA\.m2\repository\com\fasterxml\jackson\core\jackson-annotations\2.15.4\jackson-annotations-2.15.4.jar;C:\Users\JAVA\.m2\repository\com\fasterxml\jackson\core\jackson-core\2.15.4\jackson-core-2.15.4.jar;C:\Users\JAVA\.m2\repository\com\fasterxml\jackson\datatype\jackson-datatype-jdk8\2.15.4\jackson-datatype-jdk8-2.15.4.jar;C:\Users\JAVA\.m2\repository\com\fasterxml\jackson\datatype\jackson-datatype-jsr310\2.15.4\jackson-datatype-jsr310-2.15.4.jar;C:\Users\JAVA\.m2\repository\com\fasterxml\jackson\module\jackson-module-parameter-names\2.15.4\jackson-module-parameter-names-2.15.4.jar;C:\Users\JAVA\.m2\repository\org\springframework\spring-web\6.1.6\spring-web-6.1.6.jar;C:\Users\JAVA\.m2\repository\io\micrometer\micrometer-observation\1.12.5\micrometer-observation-1.12.5.jar;C:\Users\JAVA\.m2\repository\io\micrometer\micrometer-commons\1.12.5\micrometer-commons-1.12.5.jar;C:\Users\JAVA\.m2\repository\org\springframework\spring-webmvc\6.1.6\spring-webmvc-6.1.6.jar;C:\Users\JAVA\.m2\repository\org\springframework\spring-expression\6.1.6\spring-expression-6.1.6.jar;C:\Users\JAVA\.m2\repository\org\springframework\boot\spring-boot-devtools\3.2.5\spring-boot-devtools-3.2.5.jar;C:\Users\JAVA\.m2\repository\org\springframework\boot\spring-boot\3.2.5\spring-boot-3.2.5.jar;C:\Users\JAVA\.m2\repository\org\springframework\boot\spring-boot-autoconfigure\3.2.5\spring-boot-autoconfigure-3.2.5.jar;C:\Users\JAVA\.m2\repository\com\mysql\mysql-connector-j\8.3.0\mysql-connector-j-8.3.0.jar;C:\Users\JAVA\.m2\repository\org\projectlombok\lombok\1.18.32\lombok-1.18.32.jar;C:\Users\JAVA\.m2\repository\org\springframework\boot\spring-boot-starter-tomcat\3.2.5\spring-boot-starter-tomcat-3.2.5.jar;C:\Users\JAVA\.m2\repository\jakarta\annotation\jakarta.annotation-api\2.1.1\jakarta.annotation-api-2.1.1.jar;C:\Users\JAVA\.m2\repository\org\apache\tomcat\embed\tomcat-embed-core\10.1.20\tomcat-embed-core-10.1.20.jar;C:\Users\JAVA\.m2\repository\org\apache\tomcat\embed\tomcat-embed-websocket\10.1.20\tomcat-embed-websocket-10.1.20.jar;C:\Users\JAVA\.m2\repository\org\springframework\boot\spring-boot-starter-test\3.2.5\spring-boot-starter-test-3.2.5.jar;C:\Users\JAVA\.m2\repository\org\springframework\boot\spring-boot-test\3.2.5\spring-boot-test-3.2.5.jar;C:\Users\JAVA\.m2\repository\org\springframework\boot\spring-boot-test-autoconfigure\3.2.5\spring-boot-test-autoconfigure-3.2.5.jar;C:\Users\JAVA\.m2\repository\com\jayway\jsonpath\json-path\2.9.0\json-path-2.9.0.jar;C:\Users\JAVA\.m2\repository\jakarta\xml\bind\jakarta.xml.bind-api\4.0.2\jakarta.xml.bind-api-4.0.2.jar;C:\Users\JAVA\.m2\repository\jakarta\activation\jakarta.activation-api\2.1.3\jakarta.activation-api-2.1.3.jar;C:\Users\JAVA\.m2\repository\net\minidev\json-smart\2.5.1\json-smart-2.5.1.jar;C:\Users\JAVA\.m2\repository\net\minidev\accessors-smart\2.5.1\accessors-smart-2.5.1.jar;C:\Users\JAVA\.m2\repository\org\ow2\asm\asm\9.6\asm-9.6.jar;C:\Users\JAVA\.m2\repository\org\assertj\assertj-core\3.24.2\assertj-core-3.24.2.jar;C:\Users\JAVA\.m2\repository\org\awaitility\awaitility\4.2.1\awaitility-4.2.1.jar;C:\Users\JAVA\.m2\repository\org\hamcrest\hamcrest\2.2\hamcrest-2.2.jar;C:\Users\JAVA\.m2\repository\org\junit\jupiter\junit-jupiter\5.10.2\junit-jupiter-5.10.2.jar;C:\Users\JAVA\.m2\repository\org\junit\jupiter\junit-jupiter-api\5.10.2\junit-jupiter-api-5.10.2.jar;C:\Users\JAVA\.m2\repository\org\opentest4j\opentest4j\1.3.0\opentest4j-1.3.0.jar;C:\Users\JAVA\.m2\repository\org\junit\platform\junit-platform-commons\1.10.2\junit-platform-commons-1.10.2.jar;C:\Users\JAVA\.m2\repository\org\apiguardian\apiguardian-api\1.1.2\apiguardian-api-1.1.2.jar;C:\Users\JAVA\.m2\repository\org\junit\jupiter\junit-jupiter-params\5.10.2\junit-jupiter-params-5.10.2.jar;C:\Users\JAVA\.m2\repository\org\junit\jupiter\junit-jupiter-engine\5.10.2\junit-jupiter-engine-5.10.2.jar;C:\Users\JAVA\.m2\repository\org\junit\platform\junit-platform-engine\1.10.2\junit-platform-engine-1.10.2.jar;C:\Users\JAVA\.m2\repository\org\mockito\mockito-core\5.7.0\mockito-core-5.7.0.jar;C:\Users\JAVA\.m2\repository\net\bytebuddy\byte-buddy-agent\1.14.13\byte-buddy-agent-1.14.13.jar;C:\Users\JAVA\.m2\repository\org\objenesis\objenesis\3.3\objenesis-3.3.jar;C:\Users\JAVA\.m2\repository\org\mockito\mockito-junit-jupiter\5.7.0\mockito-junit-jupiter-5.7.0.jar;C:\Users\JAVA\.m2\repository\org\skyscreamer\jsonassert\1.5.1\jsonassert-1.5.1.jar;C:\Users\JAVA\.m2\repository\com\vaadin\external\google\android-json\0.0.20131108.vaadin1\android-json-0.0.20131108.vaadin1.jar;C:\Users\JAVA\.m2\repository\org\springframework\spring-core\6.1.6\spring-core-6.1.6.jar;C:\Users\JAVA\.m2\repository\org\springframework\spring-jcl\6.1.6\spring-jcl-6.1.6.jar;C:\Users\JAVA\.m2\repository\org\springframework\spring-test\6.1.6\spring-test-6.1.6.jar;C:\Users\JAVA\.m2\repository\org\xmlunit\xmlunit-core\2.9.1\xmlunit-core-2.9.1.jar;C:\Users\JAVA\.m2\repository\org\springframework\boot\spring-boot-starter-security\3.2.5\spring-boot-starter-security-3.2.5.jar;C:\Users\JAVA\.m2\repository\org\springframework\spring-aop\6.1.6\spring-aop-6.1.6.jar;C:\Users\JAVA\.m2\repository\org\springframework\security\spring-security-config\6.2.4\spring-security-config-6.2.4.jar;C:\Users\JAVA\.m2\repository\org\springframework\security\spring-security-web\6.2.4\spring-security-web-6.2.4.jar;C:\Users\JAVA\.m2\repository\org\springframework\security\spring-security-test\6.2.4\spring-security-test-6.2.4.jar;C:\Users\JAVA\.m2\repository\org\springframework\security\spring-security-core\6.2.4\spring-security-core-6.2.4.jar;C:\Users\JAVA\.m2\repository\org\springframework\security\spring-security-crypto\6.2.4\spring-security-crypto-6.2.4.jar;C:\Users\JAVA\.m2\repository\org\thymeleaf\extras\thymeleaf-extras-springsecurity6\3.1.2.RELEASE\thymeleaf-extras-springsecurity6-3.1.2.RELEASE.jar;C:\Users\JAVA\.m2\repository\org\thymeleaf\thymeleaf-spring6\3.1.2.RELEASE\thymeleaf-spring6-3.1.2.RELEASE.jar;C:\Users\JAVA\.m2\repository\org\thymeleaf\thymeleaf\3.1.2.RELEASE\thymeleaf-3.1.2.RELEASE.jar;C:\Users\JAVA\.m2\repository\org\attoparser\attoparser\2.0.7.RELEASE\attoparser-2.0.7.RELEASE.jar;C:\Users\JAVA\.m2\repository\org\unbescape\unbescape\1.1.6.RELEASE\unbescape-1.1.6.RELEASE.jar;C:\Users\JAVA\.m2\repository\org\slf4j\slf4j-api\2.0.13\slf4j-api-2.0.13.jar;"/>
    <property name="java.vm.vendor" value="Eclipse Adoptium"/>
    <property name="sun.arch.data.model" value="64"/>
    <property name="user.variant" value=""/>
    <property name="java.vendor.url" value="https://adoptium.net/"/>
    <property name="user.timezone" value="Europe/Madrid"/>
    <property name="org.jboss.logging.provider" value="slf4j"/>
    <property name="os.name" value="Windows 11"/>
    <property name="java.vm.specification.version" value="17"/>
    <property name="sun.java.launcher" value="SUN_STANDARD"/>
    <property name="user.country" value="ES"/>
    <property name="sun.boot.library.path" value="C:\Users\JAVA\Desktop\eclipse-jee-2023-12-R-win32-x86_64\eclipse\plugins\org.eclipse.justj.openjdk.hotspot.jre.full.win32.x86_64_17.0.10.v20240120-1143\jre\bin"/>
    <property name="sun.java.command" value="C:\Users\JAVA\AppData\Local\Temp\surefire3843654004621782925\surefirebooter-20240516125618383_3.jar C:\Users\JAVA\AppData\Local\Temp\surefire3843654004621782925 2024-05-16T12-56-18_212-jvmRun1 surefire-20240516125618383_1tmp surefire_0-20240516125618383_2tmp"/>
    <property name="jdk.debug" value="release"/>
    <property name="surefire.test.class.path" value="C:\Users\JAVA\git\inmobiliaria\target\test-classes;C:\Users\JAVA\git\inmobiliaria\target\classes;C:\Users\JAVA\.m2\repository\org\springframework\boot\spring-boot-starter-data-jpa\3.2.5\spring-boot-starter-data-jpa-3.2.5.jar;C:\Users\JAVA\.m2\repository\org\springframework\boot\spring-boot-starter-aop\3.2.5\spring-boot-starter-aop-3.2.5.jar;C:\Users\JAVA\.m2\repository\org\aspectj\aspectjweaver\1.9.22\aspectjweaver-1.9.22.jar;C:\Users\JAVA\.m2\repository\org\springframework\boot\spring-boot-starter-jdbc\3.2.5\spring-boot-starter-jdbc-3.2.5.jar;C:\Users\JAVA\.m2\repository\com\zaxxer\HikariCP\5.0.1\HikariCP-5.0.1.jar;C:\Users\JAVA\.m2\repository\org\springframework\spring-jdbc\6.1.6\spring-jdbc-6.1.6.jar;C:\Users\JAVA\.m2\repository\org\hibernate\orm\hibernate-core\6.4.4.Final\hibernate-core-6.4.4.Final.jar;C:\Users\JAVA\.m2\repository\jakarta\persistence\jakarta.persistence-api\3.1.0\jakarta.persistence-api-3.1.0.jar;C:\Users\JAVA\.m2\repository\jakarta\transaction\jakarta.transaction-api\2.0.1\jakarta.transaction-api-2.0.1.jar;C:\Users\JAVA\.m2\repository\org\jboss\logging\jboss-logging\3.5.3.Final\jboss-logging-3.5.3.Final.jar;C:\Users\JAVA\.m2\repository\org\hibernate\common\hibernate-commons-annotations\6.0.6.Final\hibernate-commons-annotations-6.0.6.Final.jar;C:\Users\JAVA\.m2\repository\io\smallrye\jandex\3.1.2\jandex-3.1.2.jar;C:\Users\JAVA\.m2\repository\com\fasterxml\classmate\1.6.0\classmate-1.6.0.jar;C:\Users\JAVA\.m2\repository\net\bytebuddy\byte-buddy\1.14.13\byte-buddy-1.14.13.jar;C:\Users\JAVA\.m2\repository\org\glassfish\jaxb\jaxb-runtime\4.0.5\jaxb-runtime-4.0.5.jar;C:\Users\JAVA\.m2\repository\org\glassfish\jaxb\jaxb-core\4.0.5\jaxb-core-4.0.5.jar;C:\Users\JAVA\.m2\repository\org\eclipse\angus\angus-activation\2.0.2\angus-activation-2.0.2.jar;C:\Users\JAVA\.m2\repository\org\glassfish\jaxb\txw2\4.0.5\txw2-4.0.5.jar;C:\Users\JAVA\.m2\repository\com\sun\istack\istack-commons-runtime\4.1.2\istack-commons-runtime-4.1.2.jar;C:\Users\JAVA\.m2\repository\jakarta\inject\jakarta.inject-api\2.0.1\jakarta.inject-api-2.0.1.jar;C:\Users\JAVA\.m2\repository\org\antlr\antlr4-runtime\4.13.0\antlr4-runtime-4.13.0.jar;C:\Users\JAVA\.m2\repository\org\springframework\data\spring-data-jpa\3.2.5\spring-data-jpa-3.2.5.jar;C:\Users\JAVA\.m2\repository\org\springframework\data\spring-data-commons\3.2.5\spring-data-commons-3.2.5.jar;C:\Users\JAVA\.m2\repository\org\springframework\spring-orm\6.1.6\spring-orm-6.1.6.jar;C:\Users\JAVA\.m2\repository\org\springframework\spring-context\6.1.6\spring-context-6.1.6.jar;C:\Users\JAVA\.m2\repository\org\springframework\spring-tx\6.1.6\spring-tx-6.1.6.jar;C:\Users\JAVA\.m2\repository\org\springframework\spring-beans\6.1.6\spring-beans-6.1.6.jar;C:\Users\JAVA\.m2\repository\org\springframework\spring-aspects\6.1.6\spring-aspects-6.1.6.jar;C:\Users\JAVA\.m2\repository\org\springframework\boot\spring-boot-starter-validation\3.2.5\spring-boot-starter-validation-3.2.5.jar;C:\Users\JAVA\.m2\repository\org\springframework\boot\spring-boot-starter\3.2.5\spring-boot-starter-3.2.5.jar;C:\Users\JAVA\.m2\repository\org\springframework\boot\spring-boot-starter-logging\3.2.5\spring-boot-starter-logging-3.2.5.jar;C:\Users\JAVA\.m2\repository\ch\qos\logback\logback-classic\1.4.14\logback-classic-1.4.14.jar;C:\Users\JAVA\.m2\repository\ch\qos\logback\logback-core\1.4.14\logback-core-1.4.14.jar;C:\Users\JAVA\.m2\repository\org\apache\logging\log4j\log4j-to-slf4j\2.21.1\log4j-to-slf4j-2.21.1.jar;C:\Users\JAVA\.m2\repository\org\apache\logging\log4j\log4j-api\2.21.1\log4j-api-2.21.1.jar;C:\Users\JAVA\.m2\repository\org\slf4j\jul-to-slf4j\2.0.13\jul-to-slf4j-2.0.13.jar;C:\Users\JAVA\.m2\repository\org\yaml\snakeyaml\2.2\snakeyaml-2.2.jar;C:\Users\JAVA\.m2\repository\org\apache\tomcat\embed\tomcat-embed-el\10.1.20\tomcat-embed-el-10.1.20.jar;C:\Users\JAVA\.m2\repository\org\hibernate\validator\hibernate-validator\8.0.1.Final\hibernate-validator-8.0.1.Final.jar;C:\Users\JAVA\.m2\repository\jakarta\validation\jakarta.validation-api\3.0.2\jakarta.validation-api-3.0.2.jar;C:\Users\JAVA\.m2\repository\org\springframework\boot\spring-boot-starter-web\3.2.5\spring-boot-starter-web-3.2.5.jar;C:\Users\JAVA\.m2\repository\org\springframework\boot\spring-boot-starter-json\3.2.5\spring-boot-starter-json-3.2.5.jar;C:\Users\JAVA\.m2\repository\com\fasterxml\jackson\core\jackson-databind\2.15.4\jackson-databind-2.15.4.jar;C:\Users\JAVA\.m2\repository\com\fasterxml\jackson\core\jackson-annotations\2.15.4\jackson-annotations-2.15.4.jar;C:\Users\JAVA\.m2\repository\com\fasterxml\jackson\core\jackson-core\2.15.4\jackson-core-2.15.4.jar;C:\Users\JAVA\.m2\repository\com\fasterxml\jackson\datatype\jackson-datatype-jdk8\2.15.4\jackson-datatype-jdk8-2.15.4.jar;C:\Users\JAVA\.m2\repository\com\fasterxml\jackson\datatype\jackson-datatype-jsr310\2.15.4\jackson-datatype-jsr310-2.15.4.jar;C:\Users\JAVA\.m2\repository\com\fasterxml\jackson\module\jackson-module-parameter-names\2.15.4\jackson-module-parameter-names-2.15.4.jar;C:\Users\JAVA\.m2\repository\org\springframework\spring-web\6.1.6\spring-web-6.1.6.jar;C:\Users\JAVA\.m2\repository\io\micrometer\micrometer-observation\1.12.5\micrometer-observation-1.12.5.jar;C:\Users\JAVA\.m2\repository\io\micrometer\micrometer-commons\1.12.5\micrometer-commons-1.12.5.jar;C:\Users\JAVA\.m2\repository\org\springframework\spring-webmvc\6.1.6\spring-webmvc-6.1.6.jar;C:\Users\JAVA\.m2\repository\org\springframework\spring-expression\6.1.6\spring-expression-6.1.6.jar;C:\Users\JAVA\.m2\repository\org\springframework\boot\spring-boot-devtools\3.2.5\spring-boot-devtools-3.2.5.jar;C:\Users\JAVA\.m2\repository\org\springframework\boot\spring-boot\3.2.5\spring-boot-3.2.5.jar;C:\Users\JAVA\.m2\repository\org\springframework\boot\spring-boot-autoconfigure\3.2.5\spring-boot-autoconfigure-3.2.5.jar;C:\Users\JAVA\.m2\repository\com\mysql\mysql-connector-j\8.3.0\mysql-connector-j-8.3.0.jar;C:\Users\JAVA\.m2\repository\org\projectlombok\lombok\1.18.32\lombok-1.18.32.jar;C:\Users\JAVA\.m2\repository\org\springframework\boot\spring-boot-starter-tomcat\3.2.5\spring-boot-starter-tomcat-3.2.5.jar;C:\Users\JAVA\.m2\repository\jakarta\annotation\jakarta.annotation-api\2.1.1\jakarta.annotation-api-2.1.1.jar;C:\Users\JAVA\.m2\repository\org\apache\tomcat\embed\tomcat-embed-core\10.1.20\tomcat-embed-core-10.1.20.jar;C:\Users\JAVA\.m2\repository\org\apache\tomcat\embed\tomcat-embed-websocket\10.1.20\tomcat-embed-websocket-10.1.20.jar;C:\Users\JAVA\.m2\repository\org\springframework\boot\spring-boot-starter-test\3.2.5\spring-boot-starter-test-3.2.5.jar;C:\Users\JAVA\.m2\repository\org\springframework\boot\spring-boot-test\3.2.5\spring-boot-test-3.2.5.jar;C:\Users\JAVA\.m2\repository\org\springframework\boot\spring-boot-test-autoconfigure\3.2.5\spring-boot-test-autoconfigure-3.2.5.jar;C:\Users\JAVA\.m2\repository\com\jayway\jsonpath\json-path\2.9.0\json-path-2.9.0.jar;C:\Users\JAVA\.m2\repository\jakarta\xml\bind\jakarta.xml.bind-api\4.0.2\jakarta.xml.bind-api-4.0.2.jar;C:\Users\JAVA\.m2\repository\jakarta\activation\jakarta.activation-api\2.1.3\jakarta.activation-api-2.1.3.jar;C:\Users\JAVA\.m2\repository\net\minidev\json-smart\2.5.1\json-smart-2.5.1.jar;C:\Users\JAVA\.m2\repository\net\minidev\accessors-smart\2.5.1\accessors-smart-2.5.1.jar;C:\Users\JAVA\.m2\repository\org\ow2\asm\asm\9.6\asm-9.6.jar;C:\Users\JAVA\.m2\repository\org\assertj\assertj-core\3.24.2\assertj-core-3.24.2.jar;C:\Users\JAVA\.m2\repository\org\awaitility\awaitility\4.2.1\awaitility-4.2.1.jar;C:\Users\JAVA\.m2\repository\org\hamcrest\hamcrest\2.2\hamcrest-2.2.jar;C:\Users\JAVA\.m2\repository\org\junit\jupiter\junit-jupiter\5.10.2\junit-jupiter-5.10.2.jar;C:\Users\JAVA\.m2\repository\org\junit\jupiter\junit-jupiter-api\5.10.2\junit-jupiter-api-5.10.2.jar;C:\Users\JAVA\.m2\repository\org\opentest4j\opentest4j\1.3.0\opentest4j-1.3.0.jar;C:\Users\JAVA\.m2\repository\org\junit\platform\junit-platform-commons\1.10.2\junit-platform-commons-1.10.2.jar;C:\Users\JAVA\.m2\repository\org\apiguardian\apiguardian-api\1.1.2\apiguardian-api-1.1.2.jar;C:\Users\JAVA\.m2\repository\org\junit\jupiter\junit-jupiter-params\5.10.2\junit-jupiter-params-5.10.2.jar;C:\Users\JAVA\.m2\repository\org\junit\jupiter\junit-jupiter-engine\5.10.2\junit-jupiter-engine-5.10.2.jar;C:\Users\JAVA\.m2\repository\org\junit\platform\junit-platform-engine\1.10.2\junit-platform-engine-1.10.2.jar;C:\Users\JAVA\.m2\repository\org\mockito\mockito-core\5.7.0\mockito-core-5.7.0.jar;C:\Users\JAVA\.m2\repository\net\bytebuddy\byte-buddy-agent\1.14.13\byte-buddy-agent-1.14.13.jar;C:\Users\JAVA\.m2\repository\org\objenesis\objenesis\3.3\objenesis-3.3.jar;C:\Users\JAVA\.m2\repository\org\mockito\mockito-junit-jupiter\5.7.0\mockito-junit-jupiter-5.7.0.jar;C:\Users\JAVA\.m2\repository\org\skyscreamer\jsonassert\1.5.1\jsonassert-1.5.1.jar;C:\Users\JAVA\.m2\repository\com\vaadin\external\google\android-json\0.0.20131108.vaadin1\android-json-0.0.20131108.vaadin1.jar;C:\Users\JAVA\.m2\repository\org\springframework\spring-core\6.1.6\spring-core-6.1.6.jar;C:\Users\JAVA\.m2\repository\org\springframework\spring-jcl\6.1.6\spring-jcl-6.1.6.jar;C:\Users\JAVA\.m2\repository\org\springframework\spring-test\6.1.6\spring-test-6.1.6.jar;C:\Users\JAVA\.m2\repository\org\xmlunit\xmlunit-core\2.9.1\xmlunit-core-2.9.1.jar;C:\Users\JAVA\.m2\repository\org\springframework\boot\spring-boot-starter-security\3.2.5\spring-boot-starter-security-3.2.5.jar;C:\Users\JAVA\.m2\repository\org\springframework\spring-aop\6.1.6\spring-aop-6.1.6.jar;C:\Users\JAVA\.m2\repository\org\springframework\security\spring-security-config\6.2.4\spring-security-config-6.2.4.jar;C:\Users\JAVA\.m2\repository\org\springframework\security\spring-security-web\6.2.4\spring-security-web-6.2.4.jar;C:\Users\JAVA\.m2\repository\org\springframework\security\spring-security-test\6.2.4\spring-security-test-6.2.4.jar;C:\Users\JAVA\.m2\repository\org\springframework\security\spring-security-core\6.2.4\spring-security-core-6.2.4.jar;C:\Users\JAVA\.m2\repository\org\springframework\security\spring-security-crypto\6.2.4\spring-security-crypto-6.2.4.jar;C:\Users\JAVA\.m2\repository\org\thymeleaf\extras\thymeleaf-extras-springsecurity6\3.1.2.RELEASE\thymeleaf-extras-springsecurity6-3.1.2.RELEASE.jar;C:\Users\JAVA\.m2\repository\org\thymeleaf\thymeleaf-spring6\3.1.2.RELEASE\thymeleaf-spring6-3.1.2.RELEASE.jar;C:\Users\JAVA\.m2\repository\org\thymeleaf\thymeleaf\3.1.2.RELEASE\thymeleaf-3.1.2.RELEASE.jar;C:\Users\JAVA\.m2\repository\org\attoparser\attoparser\2.0.7.RELEASE\attoparser-2.0.7.RELEASE.jar;C:\Users\JAVA\.m2\repository\org\unbescape\unbescape\1.1.6.RELEASE\unbescape-1.1.6.RELEASE.jar;C:\Users\JAVA\.m2\repository\org\slf4j\slf4j-api\2.0.13\slf4j-api-2.0.13.jar;"/>
    <property name="sun.cpu.endian" value="little"/>
    <property name="user.home" value="C:\Users\JAVA"/>
    <property name="user.language" value="es"/>
    <property name="java.specification.vendor" value="Oracle Corporation"/>
    <property name="java.version.date" value="2024-01-16"/>
    <property name="java.home" value="C:\Users\JAVA\Desktop\eclipse-jee-2023-12-R-win32-x86_64\eclipse\plugins\org.eclipse.justj.openjdk.hotspot.jre.full.win32.x86_64_17.0.10.v20240120-1143\jre"/>
    <property name="file.separator" value="\"/>
    <property name="style.color" value="always"/>
    <property name="basedir" value="C:\Users\JAVA\git\inmobiliaria"/>
    <property name="java.vm.compressedOopsMode" value="Zero based"/>
    <property name="line.separator" value="&#10;"/>
    <property name="java.vm.specification.vendor" value="Oracle Corporation"/>
    <property name="java.specification.name" value="Java Platform API Specification"/>
    <property name="FILE_LOG_CHARSET" value="windows-1252"/>
    <property name="java.awt.headless" value="true"/>
    <property name="surefire.real.class.path" value="C:\Users\JAVA\AppData\Local\Temp\surefire3843654004621782925\surefirebooter-20240516125618383_3.jar"/>
    <property name="user.script" value=""/>
    <property name="sun.management.compiler" value="HotSpot 64-Bit Tiered Compilers"/>
    <property name="java.runtime.version" value="17.0.10+7"/>
    <property name="user.name" value="JAVA"/>
    <property name="path.separator" value=";"/>
    <property name="os.version" value="10.0"/>
    <property name="java.runtime.name" value="OpenJDK Runtime Environment"/>
    <property name="file.encoding" value="Cp1252"/>
    <property name="java.vm.name" value="OpenJDK 64-Bit Server VM"/>
    <property name="java.vendor.version" value="Temurin-17.0.10+7"/>
    <property name="localRepository" value="C:\Users\JAVA\.m2\repository"/>
    <property name="java.vendor.url.bug" value="https://github.com/adoptium/adoptium-support/issues"/>
    <property name="java.io.tmpdir" value="C:\Users\JAVA\AppData\Local\Temp\"/>
    <property name="com.zaxxer.hikari.pool_number" value="1"/>
    <property name="java.version" value="17.0.10"/>
    <property name="user.dir" value="C:\Users\JAVA\git\inmobiliaria"/>
    <property name="os.arch" value="amd64"/>
    <property name="java.vm.specification.name" value="Java Virtual Machine Specification"/>
    <property name="PID" value="11332"/>
    <property name="sun.os.patch.level" value=""/>
    <property name="CONSOLE_LOG_CHARSET" value="windows-1252"/>
    <property name="native.encoding" value="Cp1252"/>
    <property name="java.library.path" value="C:\Users\JAVA\Desktop\eclipse-jee-2023-12-R-win32-x86_64\eclipse\plugins\org.eclipse.justj.openjdk.hotspot.jre.full.win32.x86_64_17.0.10.v20240120-1143\jre\bin;C:\WINDOWS\Sun\Java\bin;C:\WINDOWS\system32;C:\WINDOWS;C:/Users/JAVA/eclipse-jee-2024-03-R-win32-x86_64/eclipse//plugins/org.eclipse.justj.openjdk.hotspot.jre.full.win32.x86_64_17.0.10.v20240120-1143/jre/bin/server;C:/Users/JAVA/eclipse-jee-2024-03-R-win32-x86_64/eclipse//plugins/org.eclipse.justj.openjdk.hotspot.jre.full.win32.x86_64_17.0.10.v20240120-1143/jre/bin;C:\Program Files\Common Files\Oracle\Java\javapath;C:\WINDOWS\system32;C:\WINDOWS;C:\WINDOWS\System32\Wbem;C:\WINDOWS\System32\WindowsPowerShell\v1.0\;C:\WINDOWS\System32\OpenSSH\;C:\Program Files\Microsoft VS Code\bin;C:\Program Files\nodejs;C:\Users\Java\AppData\Roaming\npm;C:\Program Files\Git\cmd;C:\Program Files\nodejs\;C:\Users\JAVA\AppData\Local\Microsoft\WindowsApps;;C:\Program Files\JetBrains\IntelliJ IDEA Community Edition 2021.3.2\bin;;C:\Users\JAVA\AppData\Roaming\npm;C:\Users\JAVA\eclipse-jee-2024-03-R-win32-x86_64\eclipse;;."/>
    <property name="java.vm.info" value="mixed mode"/>
    <property name="java.vendor" value="Eclipse Adoptium"/>
    <property name="java.vm.version" value="17.0.10+7"/>
    <property name="sun.io.unicode.encoding" value="UnicodeLittle"/>
    <property name="java.class.version" value="61.0"/>
    <property name="LOGGED_APPLICATION_NAME" value="[GestionCRUD] "/>
  </properties>
  <testcase name="contextLoads" classname="com.example.demo.GestionCrudApplicationTests" time="0.461">
    <system-out><![CDATA[12:56:19.233 [main] INFO org.springframework.test.context.support.AnnotationConfigContextLoaderUtils -- Could not detect default configuration classes for test class [com.example.demo.GestionCrudApplicationTests]: GestionCrudApplicationTests does not declare any static, non-private, non-final, nested classes annotated with @Configuration.
12:56:19.334 [main] INFO org.springframework.boot.test.context.SpringBootTestContextBootstrapper -- Found @SpringBootConfiguration com.example.GestionCrudApplication for test class com.example.demo.GestionCrudApplicationTests
12:56:19.516 [main] INFO org.springframework.boot.devtools.restart.RestartApplicationListener -- Restart disabled due to context in which it is running

  .   ____          _            __ _ _
 /\\ / ___'_ __ _ _(_)_ __  __ _ \ \ \ \
( ( )\___ | '_ | '_| | '_ \/ _` | \ \ \ \
 \\/  ___)| |_)| | | | | || (_| |  ) ) ) )
  '  |____| .__|_| |_|_| |_\__, | / / / /
 =========|_|==============|___/=/_/_/_/
 :: Spring Boot ::                (v3.2.5)

2024-05-16T12:56:19.736+02:00  INFO 11332 --- [GestionCRUD] [           main] c.e.demo.GestionCrudApplicationTests     : Starting GestionCrudApplicationTests using Java 17.0.10 with PID 11332 (started by JAVA in C:\Users\JAVA\git\inmobiliaria)
2024-05-16T12:56:19.737+02:00  INFO 11332 --- [GestionCRUD] [           main] c.e.demo.GestionCrudApplicationTests     : No active profile set, falling back to 1 default profile: "default"
2024-05-16T12:56:20.548+02:00  INFO 11332 --- [GestionCRUD] [           main] .s.d.r.c.RepositoryConfigurationDelegate : Bootstrapping Spring Data JPA repositories in DEFAULT mode.
2024-05-16T12:56:20.624+02:00  INFO 11332 --- [GestionCRUD] [           main] .s.d.r.c.RepositoryConfigurationDelegate : Finished Spring Data repository scanning in 65 ms. Found 5 JPA repository interfaces.
2024-05-16T12:56:21.167+02:00  INFO 11332 --- [GestionCRUD] [           main] o.hibernate.jpa.internal.util.LogHelper  : HHH000204: Processing PersistenceUnitInfo [name: default]
2024-05-16T12:56:21.230+02:00  INFO 11332 --- [GestionCRUD] [           main] org.hibernate.Version                    : HHH000412: Hibernate ORM core version 6.4.4.Final
2024-05-16T12:56:21.277+02:00  INFO 11332 --- [GestionCRUD] [           main] o.h.c.internal.RegionFactoryInitiator    : HHH000026: Second-level cache disabled
2024-05-16T12:56:21.569+02:00  INFO 11332 --- [GestionCRUD] [           main] o.s.o.j.p.SpringPersistenceUnitInfo      : No LoadTimeWeaver setup: ignoring JPA class transformer
2024-05-16T12:56:21.598+02:00  INFO 11332 --- [GestionCRUD] [           main] com.zaxxer.hikari.HikariDataSource       : HikariPool-1 - Starting...
2024-05-16T12:56:21.932+02:00  INFO 11332 --- [GestionCRUD] [           main] com.zaxxer.hikari.pool.HikariPool        : HikariPool-1 - Added connection com.mysql.cj.jdbc.ConnectionImpl@45424c0
2024-05-16T12:56:21.935+02:00  INFO 11332 --- [GestionCRUD] [           main] com.zaxxer.hikari.HikariDataSource       : HikariPool-1 - Start completed.
2024-05-16T12:56:22.954+02:00  INFO 11332 --- [GestionCRUD] [           main] o.h.e.t.j.p.i.JtaPlatformInitiator       : HHH000489: No JTA platform available (set 'hibernate.transaction.jta.platform' to enable JTA platform integration)
2024-05-16T12:56:23.035+02:00  INFO 11332 --- [GestionCRUD] [           main] j.LocalContainerEntityManagerFactoryBean : Initialized JPA EntityManagerFactory for persistence unit 'default'
Hibernate: insert into usuarios (apellido,email,nombre,password,rol) values (?,?,?,?,?)
Hibernate: insert into usuarios (apellido,email,nombre,password,rol) values (?,?,?,?,?)
Hibernate: insert into usuarios (apellido,email,nombre,password,rol) values (?,?,?,?,?)
2024-05-16T12:56:23.652+02:00  WARN 11332 --- [GestionCRUD] [           main] JpaBaseConfiguration$JpaWebConfiguration : spring.jpa.open-in-view is enabled by default. Therefore, database queries may be performed during view rendering. Explicitly configure spring.jpa.open-in-view to disable this warning
2024-05-16T12:56:23.752+02:00  INFO 11332 --- [GestionCRUD] [           main] o.s.b.a.w.s.WelcomePageHandlerMapping    : Adding welcome page template: index
2024-05-16T12:56:24.014+02:00  INFO 11332 --- [GestionCRUD] [           main] o.s.s.web.DefaultSecurityFilterChain     : Will secure any request with [org.springframework.security.web.session.DisableEncodeUrlFilter@7ef570be, org.springframework.security.web.context.request.async.WebAsyncManagerIntegrationFilter@39329d81, org.springframework.security.web.context.SecurityContextHolderFilter@13ac1657, org.springframework.security.web.header.HeaderWriterFilter@52b2713a, org.springframework.web.filter.CorsFilter@63574d76, org.springframework.security.web.authentication.logout.LogoutFilter@452ea8f0, org.springframework.security.web.authentication.UsernamePasswordAuthenticationFilter@2b3e2039, org.springframework.security.web.savedrequest.RequestCacheAwareFilter@1a557a52, org.springframework.security.web.servletapi.SecurityContextHolderAwareRequestFilter@4ab959e8, org.springframework.security.web.authentication.AnonymousAuthenticationFilter@586a9fe1, org.springframework.security.web.access.ExceptionTranslationFilter@18206382, org.springframework.security.web.access.intercept.AuthorizationFilter@64547a83]
2024-05-16T12:56:24.315+02:00  WARN 11332 --- [GestionCRUD] [           main] .s.s.UserDetailsServiceAutoConfiguration : 

Using generated security password: 2c404654-79ba-4540-ba4d-c482569a0a25

This generated password is for development use only. Your security configuration must be updated before running your application in production.

2024-05-16T12:56:24.367+02:00  INFO 11332 --- [GestionCRUD] [           main] c.e.demo.GestionCrudApplicationTests     : Started GestionCrudApplicationTests in 4.864 seconds (process running for 5.883)
2024-05-16T12:56:24.371+02:00  INFO 11332 --- [GestionCRUD] [           main] com.example.DatabaseChecker              : Comprobando la conexión a la base de datos...
Hibernate: select c1_0.id,c1_0.apellido,c1_0.email,c1_0.nombre from cliente c1_0
2024-05-16T12:56:24.467+02:00  INFO 11332 --- [GestionCRUD] [           main] com.example.DatabaseChecker              : Clientes en la base de datos:
2024-05-16T12:56:24.469+02:00  INFO 11332 --- [GestionCRUD] [           main] com.example.DatabaseChecker              : Cliente(id=1, nombre=Juan, apellido=González, email=juan@email.net)
2024-05-16T12:56:24.470+02:00  INFO 11332 --- [GestionCRUD] [           main] com.example.DatabaseChecker              : Cliente(id=2, nombre=María, apellido=López, email=maria@email.net)
2024-05-16T12:56:24.470+02:00  INFO 11332 --- [GestionCRUD] [           main] com.example.DatabaseChecker              : Cliente(id=3, nombre=Pedro, apellido=Martínez, email=pedro@email.net)
2024-05-16T12:56:24.470+02:00  INFO 11332 --- [GestionCRUD] [           main] com.example.DatabaseChecker              : Cliente(id=4, nombre=Laura, apellido=Sánchez, email=laura@email.net)
2024-05-16T12:56:24.470+02:00  INFO 11332 --- [GestionCRUD] [           main] com.example.DatabaseChecker              : Cliente(id=5, nombre=Carlos, apellido=Ruiz, email=carlos@email.net)
2024-05-16T12:56:24.470+02:00  INFO 11332 --- [GestionCRUD] [           main] com.example.DatabaseChecker              : Comprobación de conexión a la base de datos completada!!!.
2024-05-16T12:56:24.470+02:00  INFO 11332 --- [GestionCRUD] [           main] com.example.DatabaseChecker              : Comprobando la conexión a la base de datos...
Hibernate: select i1_0.id,i1_0.banyos,i1_0.cocina,i1_0.direccion,i1_0.fecha_inmueble,i1_0.habitaciones,i1_0.imagen_url,i1_0.inmueble_texto,i1_0.nombre,i1_0.precio,i1_0.propietario_id,i1_0.tipo from inmueble i1_0
Hibernate: select p1_0.id,p1_0.apellido,p1_0.email,p1_0.nombre from propietarios p1_0 where p1_0.id=?
Hibernate: select p1_0.id,p1_0.apellido,p1_0.email,p1_0.nombre from propietarios p1_0 where p1_0.id=?
Hibernate: select p1_0.id,p1_0.apellido,p1_0.email,p1_0.nombre from propietarios p1_0 where p1_0.id=?
Hibernate: select p1_0.id,p1_0.apellido,p1_0.email,p1_0.nombre from propietarios p1_0 where p1_0.id=?
Hibernate: select p1_0.id,p1_0.apellido,p1_0.email,p1_0.nombre from propietarios p1_0 where p1_0.id=?
2024-05-16T12:56:24.501+02:00  INFO 11332 --- [GestionCRUD] [           main] com.example.DatabaseChecker              : Productos en la base de datos:
2024-05-16T12:56:24.510+02:00  INFO 11332 --- [GestionCRUD] [           main] com.example.DatabaseChecker              : Inmueble(id=1, nombre=Piso en Deusto, direccion=Calle Juan XXIII, 5, inmuebleTexto=Acogedor piso en el corazón de Deusto, cerca de la universidad., fechaInmueble=2023-05-01, imagenUrl=https://picsum.photos/600/600?random=1, precio=200000.00, tipo=Venta, habitaciones=2, banyos=1, cocina=true, propietario=Propietario(id=1, nombre=Javier, apellido=Bardem, email=javier@bardem.com))
2024-05-16T12:56:24.510+02:00  INFO 11332 --- [GestionCRUD] [           main] com.example.DatabaseChecker              : Inmueble(id=2, nombre=Apartamento en Abando, direccion=Plaza Circular, 1, inmuebleTexto=Moderno apartamento con vistas a la plaza principal de Abando., fechaInmueble=2023-06-15, imagenUrl=https://picsum.photos/600/600?random=2, precio=180000.00, tipo=Venta, habitaciones=1, banyos=1, cocina=false, propietario=Propietario(id=2, nombre=Amaia, apellido=Romero, email=amaia@romero.com))
2024-05-16T12:56:24.510+02:00  INFO 11332 --- [GestionCRUD] [           main] com.example.DatabaseChecker              : Inmueble(id=3, nombre=Casa en el Casco Viejo, direccion=Calle Somera, 12, inmuebleTexto=Encantadora casa de estilo tradicional en el corazón del Casco Viejo., fechaInmueble=2023-04-20, imagenUrl=https://picsum.photos/600/600?random=3, precio=350000.00, tipo=Alquiler, habitaciones=3, banyos=2, cocina=true, propietario=Propietario(id=3, nombre=Fernando, apellido=Llorente, email=fernando@llorente.com))
2024-05-16T12:56:24.511+02:00  INFO 11332 --- [GestionCRUD] [           main] com.example.DatabaseChecker              : Inmueble(id=4, nombre=Ático en Indautxu, direccion=Calle Rodríguez Arias, 23, inmuebleTexto=Espectacular ático con amplia terraza en una de las mejores zonas de Indautxu., fechaInmueble=2023-07-10, imagenUrl=https://picsum.photos/600/600?random=4, precio=400000.00, tipo=Venta, habitaciones=4, banyos=2, cocina=true, propietario=Propietario(id=4, nombre=Aritz, apellido=Aduriz, email=aritz@aduriz.com))
2024-05-16T12:56:24.511+02:00  INFO 11332 --- [GestionCRUD] [           main] com.example.DatabaseChecker              : Inmueble(id=5, nombre=Piso en Bilbao La Vieja, direccion=Calle San Francisco, 10, inmuebleTexto=Luminoso piso con vistas al río en el vibrante barrio de Bilbao La Vieja., fechaInmueble=2023-08-05, imagenUrl=https://picsum.photos/600/600?random=5, precio=250000.00, tipo=Alquiler, habitaciones=2, banyos=1, cocina=true, propietario=Propietario(id=5, nombre=Eva, apellido=González, email=eva@gonzalez.com))
2024-05-16T12:56:24.511+02:00  INFO 11332 --- [GestionCRUD] [           main] com.example.DatabaseChecker              : Inmueble(id=7, nombre=Chorizo, direccion=bonito bonito bonito bonito bonito bonito , inmuebleTexto=5gfhdfhjdfxgjdfxfgj  gdfgdfgdfg , fechaInmueble=2023-08-05, imagenUrl=https://picsum.photos/600/600?random=1, precio=4325423523.00, tipo=Venta, habitaciones=5, banyos=5, cocina=false, propietario=Propietario(id=5, nombre=Eva, apellido=González, email=eva@gonzalez.com))
2024-05-16T12:56:24.511+02:00  INFO 11332 --- [GestionCRUD] [           main] com.example.DatabaseChecker              : Inmueble(id=8, nombre=grgsgsg Descubrimiento de nueva especie de dinosaurio en Argentina, direccion=bonito bonito bonito bonito bonito bonito , inmuebleTexto=fxthxthxtrhrth, fechaInmueble=2023-08-05, imagenUrl=https://picsum.photos/600/400/?random=1, precio=34424234.00, tipo=Vivienda, habitaciones=5, banyos=6, cocina=false, propietario=null)
2024-05-16T12:56:24.511+02:00  INFO 11332 --- [GestionCRUD] [           main] com.example.DatabaseChecker              : Inmueble(id=9, nombre=Descubrimiento degdgdgf nueva especie de dinosaurio en Argentina, direccion=bonito bonito bonito bonito bonito bonito , inmuebleTexto=syryyery, fechaInmueble=2023-08-05, imagenUrl=https://picsum.photos/600/400/?random=1, precio=344234235.00, tipo=Alquiler, habitaciones=7, banyos=8, cocina=false, propietario=Propietario(id=3, nombre=Fernando, apellido=Llorente, email=fernando@llorente.com))
2024-05-16T12:56:24.512+02:00  INFO 11332 --- [GestionCRUD] [           main] com.example.DatabaseChecker              : Comprobación 2 de conexión a la base de datos completada!!!.
]]></system-out>
  </testcase>
</testsuite>